Added Component: Designator=ANT1(ANT)
Added Component: Designator=C1(C0805)
Added Component: Designator=C2(C0603)
Added Component: Designator=C3(C0603)
Added Component: Designator=C4(C0805)
Added Component: Designator=C5(C0805)
Added Component: Designator=C6(C0805)
Added Component: Designator=C7(C0805)
Added Component: Designator=C8(C0805)
Added Component: Designator=C9(C0805)
Added Component: Designator=C10(C0603)
Added Component: Designator=C11(C0805)
Added Component: Designator=C12(C0805)
Added Component: Designator=C13(C0603)
Added Component: Designator=C14(C0603)
Added Component: Designator=C15(C0603)
Added Component: Designator=C16(C0603)
Added Component: Designator=C17(C0603)
Added Component: Designator=C18(C0603)
Added Component: Designator=C19(C0805)
Added Component: Designator=C20(C0603)
Added Component: Designator=C21(C0805)
Added Component: Designator=C22(C0805)
Added Component: Designator=C23(C0603)
Added Component: Designator=C24(C0805)
Added Component: Designator=MIC(MIC)
Added Component: Designator=R1(R1206)
Added Component: Designator=R2(R1206)
Added Component: Designator=U2(QFN32)
Added Component: Designator=Y1(¾§Õñ   ÓÐÔ´7050)
Added Pin To Net: NetName=CE Pin=U2-3
Added Net: Name=CE
Added Pin To Net: NetName=GND Pin=C1-2
Added Pin To Net: NetName=GND Pin=C2-1
Added Pin To Net: NetName=GND Pin=C3-1
Added Pin To Net: NetName=GND Pin=C4-2
Added Pin To Net: NetName=GND Pin=C5-1
Added Pin To Net: NetName=GND Pin=C8-1
Added Pin To Net: NetName=GND Pin=C9-1
Added Pin To Net: NetName=GND Pin=C10-2
Added Pin To Net: NetName=GND Pin=C11-1
Added Pin To Net: NetName=GND Pin=C14-2
Added Pin To Net: NetName=GND Pin=C19-1
Added Pin To Net: NetName=GND Pin=C20-1
Added Pin To Net: NetName=GND Pin=C21-2
Added Pin To Net: NetName=GND Pin=C22-2
Added Pin To Net: NetName=GND Pin=C23-2
Added Pin To Net: NetName=GND Pin=C24-2
Added Pin To Net: NetName=GND Pin=Y1-1
Added Pin To Net: NetName=GND Pin=Y1-3
Added Net: Name=GND
Added Pin To Net: NetName=MICN Pin=MIC-2
Added Pin To Net: NetName=MICN Pin=R2-2
Added Net: Name=MICN
Added Pin To Net: NetName=MICP Pin=MIC-1
Added Pin To Net: NetName=MICP Pin=R1-2
Added Net: Name=MICP
Added Pin To Net: NetName=NetANT1_1 Pin=ANT1-1
Added Pin To Net: NetName=NetANT1_1 Pin=C16-1
Added Net: Name=NetANT1_1
Added Pin To Net: NetName=NetC1_1 Pin=C1-1
Added Pin To Net: NetName=NetC1_1 Pin=U2-17
Added Net: Name=NetC1_1
Added Pin To Net: NetName=NetC4_1 Pin=C4-1
Added Pin To Net: NetName=NetC4_1 Pin=C5-2
Added Pin To Net: NetName=NetC4_1 Pin=C8-2
Added Pin To Net: NetName=NetC4_1 Pin=C9-2
Added Pin To Net: NetName=NetC4_1 Pin=C11-2
Added Pin To Net: NetName=NetC4_1 Pin=C19-2
Added Pin To Net: NetName=NetC4_1 Pin=C21-1
Added Pin To Net: NetName=NetC4_1 Pin=U2-2
Added Pin To Net: NetName=NetC4_1 Pin=U2-4
Added Pin To Net: NetName=NetC4_1 Pin=U2-7
Added Pin To Net: NetName=NetC4_1 Pin=U2-8
Added Pin To Net: NetName=NetC4_1 Pin=U2-13
Added Pin To Net: NetName=NetC4_1 Pin=U2-16
Added Pin To Net: NetName=NetC4_1 Pin=U2-24
Added Pin To Net: NetName=NetC4_1 Pin=U2-28
Added Pin To Net: NetName=NetC4_1 Pin=U2-29
Added Pin To Net: NetName=NetC4_1 Pin=U2-32
Added Net: Name=NetC4_1
Added Pin To Net: NetName=NetC6_1 Pin=C6-1
Added Pin To Net: NetName=NetC6_1 Pin=R1-1
Added Net: Name=NetC6_1
Added Pin To Net: NetName=NetC6_2 Pin=C6-2
Added Pin To Net: NetName=NetC6_2 Pin=U2-15
Added Net: Name=NetC6_2
Added Pin To Net: NetName=NetC7_1 Pin=C7-1
Added Pin To Net: NetName=NetC7_1 Pin=R2-1
Added Net: Name=NetC7_1
Added Pin To Net: NetName=NetC7_2 Pin=C7-2
Added Pin To Net: NetName=NetC7_2 Pin=U2-14
Added Net: Name=NetC7_2
Added Pin To Net: NetName=NetC10_1 Pin=C10-1
Added Pin To Net: NetName=NetC10_1 Pin=U2-30
Added Pin To Net: NetName=NetC10_1 Pin=Y1-4
Added Net: Name=NetC10_1
Added Pin To Net: NetName=NetC12_1 Pin=C12-1
Added Pin To Net: NetName=NetC12_1 Pin=U2-12
Added Net: Name=NetC12_1
Added Pin To Net: NetName=NetC12_2 Pin=C12-2
Added Pin To Net: NetName=NetC12_2 Pin=U2-11
Added Net: Name=NetC12_2
Added Pin To Net: NetName=NetC13_1 Pin=C13-1
Added Pin To Net: NetName=NetC13_1 Pin=U2-10
Added Net: Name=NetC13_1
Added Pin To Net: NetName=NetC13_2 Pin=C13-2
Added Pin To Net: NetName=NetC13_2 Pin=C20-2
Added Net: Name=NetC13_2
Added Pin To Net: NetName=NetC14_1 Pin=C14-1
Added Pin To Net: NetName=NetC14_1 Pin=U2-31
Added Pin To Net: NetName=NetC14_1 Pin=Y1-2
Added Net: Name=NetC14_1
Added Pin To Net: NetName=NetC15_1 Pin=C15-1
Added Pin To Net: NetName=NetC15_1 Pin=C16-2
Added Net: Name=NetC15_1
Added Pin To Net: NetName=NetC15_2 Pin=C15-2
Added Pin To Net: NetName=NetC15_2 Pin=C18-1
Added Net: Name=NetC15_2
Added Pin To Net: NetName=NetC17_1 Pin=C17-1
Added Pin To Net: NetName=NetC17_1 Pin=U2-9
Added Net: Name=NetC17_1
Added Pin To Net: NetName=NetC17_2 Pin=C17-2
Added Pin To Net: NetName=NetC17_2 Pin=C18-2
Added Net: Name=NetC17_2
Added Pin To Net: NetName=NetC22_1 Pin=C22-1
Added Pin To Net: NetName=NetC22_1 Pin=U2-1
Added Net: Name=NetC22_1
Added Pin To Net: NetName=NetC23_1 Pin=C23-1
Added Pin To Net: NetName=NetC23_1 Pin=C24-1
Added Net: Name=NetC23_1
Added Pin To Net: NetName=SCK Pin=C3-2
Added Pin To Net: NetName=SCK Pin=U2-21
Added Net: Name=SCK
Added Pin To Net: NetName=SDA Pin=C2-2
Added Pin To Net: NetName=SDA Pin=U2-22
Added Net: Name=SDA
Added Net: Name=VCC2.8
Added Class: Name=main
Added Room: Name=main
