Added Component: Designator=L1(L0603)
Added Component: Designator=L2(L0603)
Added Component: Designator=L3(L0603)
Added Component: Designator=L4(L0603)
Added Component: Designator=L5(L0603)
Added Component: Designator=L6(L0603)
Added Component: Designator=L7(L0603)
Added Component: Designator=L8(L0603)
Added Pin To Net: NetName=VCC2.8 Pin=L1-1
Added Pin To Net: NetName=NetC4_1 Pin=L1-2
Added Pin To Net: NetName=NetC15_2 Pin=L2-1
Added Pin To Net: NetName=NetC13_2 Pin=L2-2
Added Pin To Net: NetName=NetC23_1 Pin=L3-1
Added Pin To Net: NetName=NetC17_1 Pin=L3-2
Added Pin To Net: NetName=NetC23_1 Pin=L4-1
Added Pin To Net: NetName=NetC13_1 Pin=L4-2
Added Pin To Net: NetName=GND Pin=L5-1
Added Pin To Net: NetName=NetC15_1 Pin=L5-2
Added Pin To Net: NetName=GND Pin=L6-1
Added Pin To Net: NetName=NetANT1_1 Pin=L6-2
Added Pin To Net: NetName=GND Pin=L7-1
Added Pin To Net: NetName=NetC17_2 Pin=L7-2
Added Pin To Net: NetName=NetC4_1 Pin=L8-1
Added Pin To Net: NetName=NetC23_1 Pin=L8-2
Added Member To Class: ClassName=main Member=Component L1 1k@100MHz
Added Member To Class: ClassName=main Member=Component L2 18nH
Added Member To Class: ClassName=main Member=Component L3 33nH
Added Member To Class: ClassName=main Member=Component L4 33nH
Added Member To Class: ClassName=main Member=Component L5 *
Added Member To Class: ClassName=main Member=Component L6 *
Added Member To Class: ClassName=main Member=Component L7 18nH
Added Member To Class: ClassName=main Member=Component L8 1k@100MHz
